19:32:14.656 [main                     ] DEBUG Logger               - Configured Logger
19:32:14.674 [main                     ] DEBUG GameApplication      - Logging settings
Title: CMSC 22 Project Prototype
Version: 0.1
Width: 960
Height: 640
Fullscreen: false
Intro: false
Profiling: false
Single step:false
App Mode: DEVELOPER
Menu Key: ESCAPE
Stage Style: DECORATED
Scene Factory: class com.example.demo.Game$1

19:32:14.827 [JavaFX Application Thread] DEBUG FXGLApplication      - Initializing FXGL
19:32:14.831 [JavaFX Application Thread] INFO  Engine               - FXGL-17.2 (20.08.2022 16.50) on LINUX (J:19.0.2 FX:19.0.2)
19:32:14.832 [JavaFX Application Thread] DEBUG Engine               - JRE Vendor Name: Amazon.com Inc.
19:32:14.832 [JavaFX Application Thread] DEBUG Engine               - Running on OS: Linux version 6.6.2-arch1-1
19:32:14.832 [JavaFX Application Thread] DEBUG Engine               - Architecture: amd64
19:32:14.832 [JavaFX Application Thread] INFO  Engine               - Source code and latest versions at: https://github.com/AlmasB/FXGL
19:32:14.833 [JavaFX Application Thread] INFO  Engine               -       Ask questions and discuss at: https://github.com/AlmasB/FXGL/discussions
19:32:14.833 [JavaFX Application Thread] INFO  Engine               -              Join the FXGL chat at: https://gitter.im/AlmasB/FXGL
19:32:14.879 [JavaFX Application Thread] DEBUG PrimaryStageWindow   - Creating a JavaFX scene
19:32:14.953 [JavaFX Application Thread] DEBUG PrimaryStageWindow   - Target settings size: 960.0 x 640.0
19:32:14.953 [JavaFX Application Thread] DEBUG PrimaryStageWindow   - Scaled scene size:    960.0 x 640.0
19:32:14.953 [JavaFX Application Thread] DEBUG PrimaryStageWindow   - Scaled ratio: (1.0, 1.0)
19:32:14.954 [JavaFX Application Thread] DEBUG PrimaryStageWindow   - Set initial scene to FXGLStartupScene
19:32:14.956 [JavaFX Application Thread] DEBUG PrimaryStageWindow   - Opening main window
19:32:14.986 [JavaFX Application Thread] DEBUG PrimaryStageWindow   - Window border size: (2.0, 29.0)
19:32:14.987 [JavaFX Application Thread] DEBUG PrimaryStageWindow   - Scaled size: 960.0 x 640.0
19:32:14.987 [JavaFX Application Thread] DEBUG PrimaryStageWindow   - Scaled ratio: (1.0, 1.0)
19:32:14.987 [JavaFX Application Thread] DEBUG PrimaryStageWindow   - Scene size: 960.0 x 640.0
19:32:14.987 [JavaFX Application Thread] DEBUG PrimaryStageWindow   - Stage size: 962.0 x 669.0
19:32:14.990 [FXGL Background Thread 1 ] DEBUG Engine               - Initializing environment variables
19:32:15.016 [FXGL Background Thread 1 ] DEBUG FXGLAssetLoaderServi - User app class for loading assets: class com.example.demo.Game
19:32:15.016 [FXGL Background Thread 1 ] DEBUG GameApplicationServi - Applying CSS: fxgl_dark.css
19:32:15.016 [FXGL Background Thread 1 ] DEBUG FXGLAssetLoaderServi - Loading from file system: jar:file:///home/joshua/.m2/repository/com/github/almasb/fxgl/17.2/fxgl-17.2.jar!/fxglassets/ui/css/fxgl_dark.css
19:32:15.048 [FXGL Background Thread 1 ] DEBUG GameApplicationServi - Initializing application scenes
19:32:15.103 [FXGL Background Thread 1 ] DEBUG GameWorld            - Game world initialized
19:32:15.132 [FXGL Background Thread 1 ] DEBUG PhysicsWorld         - Physics world initialized: appHeight=640, physics.ppm=50.0
19:32:15.132 [FXGL Background Thread 1 ] DEBUG PhysicsWorld         - Using strategy: BRUTE_FORCE
19:32:15.135 [FXGL Background Thread 1 ] DEBUG GameScene            - Game scene initialized: 960x640
19:32:15.141 [FXGL Background Thread 1 ] DEBUG FXGL.DefaultMenu     - createMenuBodyGameMenu()
19:32:15.148 [FXGL Background Thread 1 ] DEBUG FXGL.DefaultMenu     - createOptionsMenu()
19:32:15.154 [FXGL Background Thread 1 ] DEBUG FXGLAssetLoaderServi - Loading from file system: jar:file:///home/joshua/.m2/repository/com/github/almasb/fxgl/17.2/fxgl-17.2.jar!/fxglassets/textures/particles/smoke.png
19:32:15.204 [FXGL Background Thread 1 ] DEBUG FXGLAssetLoaderServi - Loading from file system: jar:file:///home/joshua/.m2/repository/com/github/almasb/fxgl/17.2/fxgl-17.2.jar!/fxglassets/textures/particles/trace_horizontal.png
19:32:15.232 [FXGL Background Thread 1 ] DEBUG GameApplicationServi - Application scenes initialized
19:32:15.238 [FXGL Background Thread 1 ] DEBUG SystemBundleService  - Loading FXGL system data
19:32:15.240 [FXGL Background Thread 1 ] DEBUG FileSystemAccess     - Reading from: /home/joshua/Documents/School/CMSC22/demo/system/fxgl.bundle
19:32:15.245 [FXGL Background Thread 1 ] DEBUG SystemBundleService  - Bundle FXGL: {}
19:32:15.245 [FXGL Background Thread 1 ] DEBUG UpdaterService       - Checking for updates
19:32:15.247 [FXGL Background Thread 4 ] DEBUG FXGLApplication      - Loading fonts
19:32:15.247 [FXGL Background Thread 1 ] DEBUG FXGLApplication      - Loading default localization
19:32:15.248 [FXGL Background Thread 4 ] DEBUG FXGLAssetLoaderServi - Loading from file system: jar:file:///home/joshua/.m2/repository/com/github/almasb/fxgl/17.2/fxgl-17.2.jar!/fxglassets/ui/fonts/VarelaRound-Regular.ttf
19:32:15.248 [FXGL Background Thread 1 ] DEBUG FXGLAssetLoaderServi - Loading from file system: jar:file:///home/joshua/.m2/repository/com/github/almasb/fxgl/17.2/fxgl-17.2.jar!/fxglassets/languages/english.lang
19:32:15.252 [FXGL Background Thread 4 ] DEBUG FXGLAssetLoaderServi - Loading from file system: jar:file:///home/joshua/.m2/repository/com/github/almasb/fxgl/17.2/fxgl-17.2.jar!/fxglassets/ui/fonts/Abel-Regular.ttf
19:32:15.253 [FXGL Background Thread 4 ] DEBUG FXGLAssetLoaderServi - Loading from file system: jar:file:///home/joshua/.m2/repository/com/github/almasb/fxgl/17.2/fxgl-17.2.jar!/fxglassets/ui/fonts/TerminalLandMono-Regular.otf
19:32:15.254 [FXGL Background Thread 4 ] DEBUG FXGLAssetLoaderServi - Loading from file system: jar:file:///home/joshua/.m2/repository/com/github/almasb/fxgl/17.2/fxgl-17.2.jar!/fxglassets/ui/fonts/Courier-Prime.ttf
19:32:15.256 [FXGL Background Thread 1 ] INFO  FXGLApplication      - FXGL initialization took: 0.265 sec
19:32:15.263 [JavaFX Application Thread] DEBUG Input                - Registered new binding: action0 - D
19:32:15.264 [JavaFX Application Thread] DEBUG Input                - Registered new binding: action1 - A
19:32:15.264 [JavaFX Application Thread] DEBUG Input                - Registered new binding: action2 - W
19:32:15.264 [JavaFX Application Thread] DEBUG Input                - Registered new binding: action3 - S
19:32:15.265 [JavaFX Application Thread] DEBUG Input                - Registered new binding: action4 - F
19:32:15.265 [JavaFX Application Thread] DEBUG FXGLAssetLoaderServi - Loading from file system: jar:file:///home/joshua/.m2/repository/com/github/almasb/fxgl/17.2/fxgl-17.2.jar!/fxglassets/textures/fxgl_icon.png
19:32:15.282 [JavaFX Application Thread] DEBUG FXGLAssetLoaderServi - Loading from file system: jar:file:///home/joshua/.m2/repository/com/github/almasb/fxgl/17.2/fxgl-17.2.jar!/fxglassets/textures/fxgl_default_cursor.png
19:32:15.284 [JavaFX Application Thread] DEBUG Input                - Registered new binding: Screenshot - CTRL+8
19:32:15.285 [JavaFX Application Thread] DEBUG Input                - Registered new binding: System info dump - CTRL+9
19:32:15.285 [JavaFX Application Thread] DEBUG Input                - Registered new binding: Restart - CTRL+R
19:32:15.285 [JavaFX Application Thread] DEBUG Input                - Registered new binding: Toggle Debug Camera - CTRL+7
19:32:15.286 [JavaFX Application Thread] DEBUG LoopRunner           - Starting loop
19:32:15.286 [JavaFX Application Thread] DEBUG LoopRunner           - Initializing JavaFX AnimationTimerLoop
19:32:15.287 [JavaFX Application Thread] DEBUG GameApplicationServi - Starting new game
19:32:15.288 [JavaFX Application Thread] DEBUG Input                - Clearing active input actions
19:32:15.296 [JavaFX Application Thread] DEBUG GameApplicationServi - Removing overlay from FXGLStartupScene and adding to FXGLLoadingScene
19:32:15.297 [JavaFX Application Thread] DEBUG PrimaryStageWindow   - FXGLStartupScene -> FXGLLoadingScene
19:32:15.297 [JavaFX Application Thread] DEBUG GameApplicationServi - Clearing previous game
19:32:15.297 [JavaFX Application Thread] DEBUG GameScene            - Clearing game scene
19:32:15.297 [JavaFX Application Thread] DEBUG GameWorld            - Clearing game world
19:32:15.297 [JavaFX Application Thread] DEBUG PhysicsWorld         - Clearing physics world
19:32:15.298 [FXGL Background Thread 4 ] DEBUG FXGLApplication      - Initializing game
19:32:15.327 [JavaFX Application Thread] DEBUG FXGLApplication      - Registering font factories with UI factory
19:32:15.348 [FXGL Background Thread 4 ] WARN  TMXLevelLoader       - TiledMap generated from 1.10.2. Supported version: 1.9.0. Some features may not be parsed fully.
19:32:15.359 [FXGL Background Thread 4 ] DEBUG TMXLevelLoader       - Parsed TiledMap: file:/home/joshua/Documents/School/CMSC22/demo/target/classes/assets/levels/test_map.tmx
19:32:15.360 [FXGL Background Thread 4 ] DEBUG TMXLevelLoader       - Creating tile layer entities
19:32:15.361 [FXGL Background Thread 4 ] DEBUG TilesetLoader        - Loading view for layer Tile Layer 4
19:32:15.362 [FXGL Background Thread 4 ] DEBUG TilesetLoader        - Created buffer with size 960.0x640.0
19:32:15.394 [FXGL Background Thread 4 ] DEBUG TilesetLoader        - Loading view for layer Tile Layer 3
19:32:15.395 [FXGL Background Thread 4 ] DEBUG TilesetLoader        - Created buffer with size 960.0x640.0
19:32:15.396 [FXGL Background Thread 4 ] DEBUG TilesetLoader        - Loading view for layer Tile Layer 1
19:32:15.397 [FXGL Background Thread 4 ] DEBUG TilesetLoader        - Created buffer with size 960.0x640.0
19:32:15.422 [FXGL Background Thread 4 ] DEBUG TilesetLoader        - Loading view for layer Tile Layer 2
19:32:15.423 [FXGL Background Thread 4 ] DEBUG TilesetLoader        - Created buffer with size 960.0x640.0
19:32:15.424 [FXGL Background Thread 4 ] DEBUG TilesetLoader        - Loading view for layer Tile Layer 5
19:32:15.425 [FXGL Background Thread 4 ] DEBUG TilesetLoader        - Created buffer with size 960.0x640.0
19:32:15.426 [FXGL Background Thread 4 ] DEBUG TMXLevelLoader       - Creating object layer entities
19:32:15.438 [FXGL Background Thread 4 ] DEBUG GameWorld            - Clearing removable entities
19:32:15.439 [FXGL Background Thread 4 ] DEBUG GameWorld            - Setting level: com.almasb.fxgl.entity.level.Level@2600b296
19:32:15.445 [FXGL Background Thread 4 ] INFO  FXGLApplication      - Game initialization took: 0.146 sec
19:32:15.445 [JavaFX Application Thread] DEBUG Input                - Clearing active input actions
19:32:15.453 [JavaFX Application Thread] DEBUG GameApplicationServi - Removing overlay from FXGLLoadingScene and adding to GameScene
19:32:15.454 [JavaFX Application Thread] DEBUG PrimaryStageWindow   - FXGLLoadingScene -> GameScene
19:32:15.959 [FXGL Background Thread 2 ] INFO  UpdaterService       - Your current version:  17.2
19:32:15.960 [FXGL Background Thread 2 ] INFO  UpdaterService       - Latest stable version: 17.3
19:32:18.247 [FXGL Background Thread 3 ] DEBUG Engine               - Logging environment variables
19:32:18.248 [FXGL Background Thread 3 ] DEBUG Engine               - achievements: []
19:32:18.248 [FXGL Background Thread 3 ] DEBUG Engine               - actualHeight: 611.0
19:32:18.248 [FXGL Background Thread 3 ] DEBUG Engine               - actualHeightProperty: ReadOnlyDoubleProperty [value: 966.0]
19:32:18.248 [FXGL Background Thread 3 ] DEBUG Engine               - actualWidth: 958.0
19:32:18.248 [FXGL Background Thread 3 ] DEBUG Engine               - actualWidthProperty: ReadOnlyDoubleProperty [value: 928.0]
19:32:18.248 [FXGL Background Thread 3 ] DEBUG Engine               - appIcon: fxgl_icon.png
19:32:18.248 [FXGL Background Thread 3 ] DEBUG Engine               - applicationMode: DEVELOPER
19:32:18.249 [FXGL Background Thread 3 ] DEBUG Engine               - cSSList: [fxgl_dark.css]
19:32:18.249 [FXGL Background Thread 3 ] DEBUG Engine               - collisionDetectionStrategy: BRUTE_FORCE
19:32:18.249 [FXGL Background Thread 3 ] DEBUG Engine               - configClass: Optional.empty
19:32:18.249 [FXGL Background Thread 3 ] DEBUG Engine               - credits: []
19:32:18.249 [FXGL Background Thread 3 ] DEBUG Engine               - defaultCursor: CursorInfo(imageName=fxgl_default_cursor.png, hotspotX=7.0, hotspotY=6.0)
19:32:18.250 [FXGL Background Thread 3 ] DEBUG Engine               - devBBoxColorProperty: ObjectProperty [value: 0xff0000ff]
19:32:18.250 [FXGL Background Thread 3 ] DEBUG Engine               - devEnableDebugCameraProperty: BooleanProperty [value: false]
19:32:18.250 [FXGL Background Thread 3 ] DEBUG Engine               - devSensorColorProperty: ObjectProperty [value: 0xffff00ff]
19:32:18.250 [FXGL Background Thread 3 ] DEBUG Engine               - devShowBBoxProperty: BooleanProperty [value: false]
19:32:18.250 [FXGL Background Thread 3 ] DEBUG Engine               - devShowPositionProperty: BooleanProperty [value: false]
19:32:18.250 [FXGL Background Thread 3 ] DEBUG Engine               - enabledMenuItems: []
19:32:18.250 [FXGL Background Thread 3 ] DEBUG Engine               - engineServices: [class com.almasb.fxgl.app.services.FXGLAssetLoaderService, class com.almasb.fxgl.app.FXGLApplication$GameApplicationService, class com.almasb.fxgl.app.services.FXGLDialogService, class com.almasb.fxgl.app.services.IOTaskExecutorService, class com.almasb.fxgl.io.FileSystemService, class com.almasb.fxgl.localization.LocalizationService, class com.almasb.fxgl.app.services.SystemBundleService, class com.almasb.fxgl.profile.SaveLoadService, class com.almasb.fxgl.ui.FXGLUIFactoryServiceProvider, class com.almasb.fxgl.ui.FXGLDialogFactoryServiceProvider, class com.almasb.fxgl.audio.AudioPlayer, class com.almasb.fxgl.notification.impl.NotificationServiceProvider, class com.almasb.fxgl.achievement.AchievementService, class com.almasb.fxgl.cutscene.CutsceneService, class com.almasb.fxgl.minigames.MiniGameService, class com.almasb.fxgl.net.NetService, class com.almasb.fxgl.app.services.UpdaterService, class com.almasb.fxgl.dev.DevService]
19:32:18.250 [FXGL Background Thread 3 ] DEBUG Engine               - fontGame: Abel-Regular.ttf
19:32:18.251 [FXGL Background Thread 3 ] DEBUG Engine               - fontMono: TerminalLandMono-Regular.otf
19:32:18.251 [FXGL Background Thread 3 ] DEBUG Engine               - fontText: Courier-Prime.ttf
19:32:18.251 [FXGL Background Thread 3 ] DEBUG Engine               - fontUI: VarelaRound-Regular.ttf
19:32:18.251 [FXGL Background Thread 3 ] DEBUG Engine               - fullScreen: BooleanProperty [value: false]
19:32:18.251 [FXGL Background Thread 3 ] DEBUG Engine               - gameDifficulty: MEDIUM
19:32:18.251 [FXGL Background Thread 3 ] DEBUG Engine               - gameDifficultyProperty: ObjectProperty [value: MEDIUM]
19:32:18.251 [FXGL Background Thread 3 ] DEBUG Engine               - globalMusicVolume: 0.5
19:32:18.251 [FXGL Background Thread 3 ] DEBUG Engine               - globalMusicVolumeProperty: DoubleProperty [value: 0.5]
19:32:18.251 [FXGL Background Thread 3 ] DEBUG Engine               - globalSoundVolume: 0.5
19:32:18.252 [FXGL Background Thread 3 ] DEBUG Engine               - globalSoundVolumeProperty: DoubleProperty [value: 0.5]
19:32:18.252 [FXGL Background Thread 3 ] DEBUG Engine               - height: 640
19:32:18.252 [FXGL Background Thread 3 ] DEBUG Engine               - is3D: false
19:32:18.252 [FXGL Background Thread 3 ] DEBUG Engine               - isAndroid: false
19:32:18.252 [FXGL Background Thread 3 ] DEBUG Engine               - isBrowser: false
19:32:18.252 [FXGL Background Thread 3 ] DEBUG Engine               - isClickFeedbackEnabled: false
19:32:18.252 [FXGL Background Thread 3 ] DEBUG Engine               - isCloseConfirmation: false
19:32:18.253 [FXGL Background Thread 3 ] DEBUG Engine               - isDesktop: true
19:32:18.253 [FXGL Background Thread 3 ] DEBUG Engine               - isDeveloperMenuEnabled: false
19:32:18.253 [FXGL Background Thread 3 ] DEBUG Engine               - isEmbedded: false
19:32:18.253 [FXGL Background Thread 3 ] DEBUG Engine               - isEntityPreloadEnabled: true
19:32:18.253 [FXGL Background Thread 3 ] DEBUG Engine               - isExperimentalTiledLargeMap: false
19:32:18.253 [FXGL Background Thread 3 ] DEBUG Engine               - isFileSystemWriteAllowed: true
19:32:18.253 [FXGL Background Thread 3 ] DEBUG Engine               - isFullScreenAllowed: false
19:32:18.253 [FXGL Background Thread 3 ] DEBUG Engine               - isFullScreenFromStart: false
19:32:18.253 [FXGL Background Thread 3 ] DEBUG Engine               - isGameMenuEnabled: true
19:32:18.253 [FXGL Background Thread 3 ] DEBUG Engine               - isIOS: false
19:32:18.254 [FXGL Background Thread 3 ] DEBUG Engine               - isIntroEnabled: false
19:32:18.254 [FXGL Background Thread 3 ] DEBUG Engine               - isLinux: true
19:32:18.254 [FXGL Background Thread 3 ] DEBUG Engine               - isMac: false
19:32:18.254 [FXGL Background Thread 3 ] DEBUG Engine               - isMainMenuEnabled: false
19:32:18.254 [FXGL Background Thread 3 ] DEBUG Engine               - isManualResizeEnabled: false
19:32:18.254 [FXGL Background Thread 3 ] DEBUG Engine               - isMobile: false
19:32:18.254 [FXGL Background Thread 3 ] DEBUG Engine               - isNative: false
19:32:18.254 [FXGL Background Thread 3 ] DEBUG Engine               - isPauseMusicWhenMinimized: true
19:32:18.254 [FXGL Background Thread 3 ] DEBUG Engine               - isPreserveResizeRatio: false
19:32:18.254 [FXGL Background Thread 3 ] DEBUG Engine               - isProfilingEnabled: false
19:32:18.254 [FXGL Background Thread 3 ] DEBUG Engine               - isScaleAffectedOnResize: true
19:32:18.254 [FXGL Background Thread 3 ] DEBUG Engine               - isSingleStep: false
19:32:18.254 [FXGL Background Thread 3 ] DEBUG Engine               - isUserProfileEnabled: false
19:32:18.254 [FXGL Background Thread 3 ] DEBUG Engine               - isWindows: false
19:32:18.254 [FXGL Background Thread 3 ] DEBUG Engine               - language: ObjectProperty [value: ENGLISH]
19:32:18.254 [FXGL Background Thread 3 ] DEBUG Engine               - menuKey: ESCAPE
19:32:18.254 [FXGL Background Thread 3 ] DEBUG Engine               - mouseSensitivity: 0.2
19:32:18.254 [FXGL Background Thread 3 ] DEBUG Engine               - notificationViewClass: class com.almasb.fxgl.notification.view.XboxNotificationView
19:32:18.254 [FXGL Background Thread 3 ] DEBUG Engine               - pixelsPerMeter: 50.0
19:32:18.254 [FXGL Background Thread 3 ] DEBUG Engine               - platform: LINUX
19:32:18.254 [FXGL Background Thread 3 ] DEBUG Engine               - prefHeightProperty: ReadOnlyDoubleProperty [value: 640.0]
19:32:18.254 [FXGL Background Thread 3 ] DEBUG Engine               - prefWidthProperty: ReadOnlyDoubleProperty [value: 960.0]
19:32:18.254 [FXGL Background Thread 3 ] DEBUG Engine               - profileDir: profiles/
19:32:18.255 [FXGL Background Thread 3 ] DEBUG Engine               - profileName: StringProperty [value: DEFAULT]
19:32:18.255 [FXGL Background Thread 3 ] DEBUG Engine               - randomSeed: -1
19:32:18.255 [FXGL Background Thread 3 ] DEBUG Engine               - runtimeInfo: RuntimeInfo(platform=LINUX, version=17.2, build=20.08.2022 16.50)
19:32:18.255 [FXGL Background Thread 3 ] DEBUG Engine               - saveFileExt: sav
19:32:18.255 [FXGL Background Thread 3 ] DEBUG Engine               - scaledHeightProp$fxgl: DoubleProperty [bound, value: 966.0]
19:32:18.255 [FXGL Background Thread 3 ] DEBUG Engine               - scaledWidthProp$fxgl: DoubleProperty [bound, value: 928.0]
19:32:18.255 [FXGL Background Thread 3 ] DEBUG Engine               - sceneFactory: com.example.demo.Game$1@4612bbd6
19:32:18.255 [FXGL Background Thread 3 ] DEBUG Engine               - secondsIn24h: 60
19:32:18.255 [FXGL Background Thread 3 ] DEBUG Engine               - soundMenuBack: menu/back.wav
19:32:18.255 [FXGL Background Thread 3 ] DEBUG Engine               - soundMenuPress: menu/press.wav
19:32:18.255 [FXGL Background Thread 3 ] DEBUG Engine               - soundMenuSelect: menu/select.wav
19:32:18.255 [FXGL Background Thread 3 ] DEBUG Engine               - soundNotification: core/notification.wav
19:32:18.255 [FXGL Background Thread 3 ] DEBUG Engine               - stageStyle: DECORATED
19:32:18.255 [FXGL Background Thread 3 ] DEBUG Engine               - supportedLanguages: [ENGLISH, FRENCH, GERMAN, HUNGARIAN, RUSSIAN]
19:32:18.255 [FXGL Background Thread 3 ] DEBUG Engine               - ticksPerSecond: -1
19:32:18.255 [FXGL Background Thread 3 ] DEBUG Engine               - title: CMSC 22 Project Prototype
19:32:18.255 [FXGL Background Thread 3 ] DEBUG Engine               - urlGithub: https://github.com/AlmasB/FXGL
19:32:18.255 [FXGL Background Thread 3 ] DEBUG Engine               - urlLeaderboard: http://fxgl-top.herokuapp.com/
19:32:18.255 [FXGL Background Thread 3 ] DEBUG Engine               - urlPOM: https://raw.githubusercontent.com/AlmasB/FXGL/release/README.md
19:32:18.255 [FXGL Background Thread 3 ] DEBUG Engine               - userAppClass: class com.example.demo.Game
19:32:18.255 [FXGL Background Thread 3 ] DEBUG Engine               - version: 0.1
19:32:18.255 [FXGL Background Thread 3 ] DEBUG Engine               - versionCheckDays: 7
19:32:18.255 [FXGL Background Thread 3 ] DEBUG Engine               - width: 960
19:32:18.255 [FXGL Background Thread 3 ] DEBUG Engine               - Logging services
19:32:18.255 [FXGL Background Thread 3 ] DEBUG Engine               - class com.almasb.fxgl.app.services.FXGLAssetLoaderService
19:32:18.255 [FXGL Background Thread 3 ] DEBUG Engine               - class com.almasb.fxgl.app.FXGLApplication$GameApplicationService
19:32:18.255 [FXGL Background Thread 3 ] DEBUG Engine               - class com.almasb.fxgl.app.services.FXGLDialogService
19:32:18.255 [FXGL Background Thread 3 ] DEBUG Engine               - class com.almasb.fxgl.app.services.IOTaskExecutorService
19:32:18.255 [FXGL Background Thread 3 ] DEBUG Engine               - class com.almasb.fxgl.io.FileSystemService
19:32:18.255 [FXGL Background Thread 3 ] DEBUG Engine               - class com.almasb.fxgl.localization.LocalizationService
19:32:18.255 [FXGL Background Thread 3 ] DEBUG Engine               - class com.almasb.fxgl.app.services.SystemBundleService
19:32:18.255 [FXGL Background Thread 3 ] DEBUG Engine               - class com.almasb.fxgl.profile.SaveLoadService
19:32:18.255 [FXGL Background Thread 3 ] DEBUG Engine               - class com.almasb.fxgl.ui.FXGLUIFactoryServiceProvider
19:32:18.255 [FXGL Background Thread 3 ] DEBUG Engine               - class com.almasb.fxgl.ui.FXGLDialogFactoryServiceProvider
19:32:18.255 [FXGL Background Thread 3 ] DEBUG Engine               - class com.almasb.fxgl.audio.AudioPlayer
19:32:18.255 [FXGL Background Thread 3 ] DEBUG Engine               - class com.almasb.fxgl.notification.impl.NotificationServiceProvider
19:32:18.255 [FXGL Background Thread 3 ] DEBUG Engine               - class com.almasb.fxgl.achievement.AchievementService
19:32:18.255 [FXGL Background Thread 3 ] DEBUG Engine               - class com.almasb.fxgl.cutscene.CutsceneService
19:32:18.256 [FXGL Background Thread 3 ] DEBUG Engine               - class com.almasb.fxgl.minigames.MiniGameService
19:32:18.256 [FXGL Background Thread 3 ] DEBUG Engine               - class com.almasb.fxgl.net.NetService
19:32:18.256 [FXGL Background Thread 3 ] DEBUG Engine               - class com.almasb.fxgl.app.services.UpdaterService
19:32:18.256 [FXGL Background Thread 3 ] DEBUG Engine               - class com.almasb.fxgl.dev.DevService
19:32:27.676 [JavaFX Application Thread] DEBUG FXGLApplication      - Exiting FXGL
19:32:27.677 [JavaFX Application Thread] DEBUG LoopRunner           - Stopping loop
19:32:27.677 [JavaFX Application Thread] DEBUG SystemBundleService  - Saving FXGL system data
19:32:27.679 [JavaFX Application Thread] DEBUG FileSystemAccess     - Writing to: /home/joshua/Documents/School/CMSC22/demo/system/fxgl.bundle
19:32:27.683 [JavaFX Application Thread] DEBUG Async                - Shutting down background threads
19:32:27.683 [JavaFX Application Thread] DEBUG PrimaryStageWindow   - Closing main window
19:32:27.687 [JavaFX Application Thread] DEBUG Logger               - Closing Logger
