14:38:45.703 [main                     ] DEBUG Logger               - Configured Logger
14:38:45.719 [main                     ] DEBUG GameApplication      - Logging settings
Title: CMSC 22 Project Prototype
Version: 0.1
Width: 1920
Height: 1080
Fullscreen: false
Intro: false
Profiling: false
Single step:false
App Mode: DEVELOPER
Menu Key: ESCAPE
Stage Style: DECORATED
Scene Factory: class com.example.demo.Game$1

14:38:45.860 [JavaFX Application Thread] DEBUG FXGLApplication      - Initializing FXGL
14:38:45.863 [JavaFX Application Thread] INFO  Engine               - FXGL-17.2 (20.08.2022 16.50) on LINUX (J:19.0.2 FX:19.0.2)
14:38:45.863 [JavaFX Application Thread] DEBUG Engine               - JRE Vendor Name: Amazon.com Inc.
14:38:45.863 [JavaFX Application Thread] DEBUG Engine               - Running on OS: Linux version 6.6.2-arch1-1
14:38:45.863 [JavaFX Application Thread] DEBUG Engine               - Architecture: amd64
14:38:45.863 [JavaFX Application Thread] INFO  Engine               - Source code and latest versions at: https://github.com/AlmasB/FXGL
14:38:45.864 [JavaFX Application Thread] INFO  Engine               -       Ask questions and discuss at: https://github.com/AlmasB/FXGL/discussions
14:38:45.864 [JavaFX Application Thread] INFO  Engine               -              Join the FXGL chat at: https://gitter.im/AlmasB/FXGL
14:38:45.907 [JavaFX Application Thread] DEBUG PrimaryStageWindow   - Creating a JavaFX scene
14:38:45.989 [JavaFX Application Thread] DEBUG PrimaryStageWindow   - Target settings size: 1920.0 x 1080.0
14:38:45.989 [JavaFX Application Thread] DEBUG PrimaryStageWindow   - Scaled scene size:    1920.0 x 1080.0
14:38:45.989 [JavaFX Application Thread] DEBUG PrimaryStageWindow   - Scaled ratio: (1.0, 1.0)
14:38:45.990 [JavaFX Application Thread] DEBUG PrimaryStageWindow   - Set initial scene to FXGLStartupScene
14:38:45.992 [JavaFX Application Thread] DEBUG PrimaryStageWindow   - Opening main window
14:38:46.023 [JavaFX Application Thread] DEBUG PrimaryStageWindow   - Window border size: (2.0, 29.0)
14:38:46.023 [JavaFX Application Thread] DEBUG PrimaryStageWindow   - Scaled size: 1920.0 x 1080.0
14:38:46.024 [JavaFX Application Thread] DEBUG PrimaryStageWindow   - Scaled ratio: (1.0, 1.0)
14:38:46.024 [JavaFX Application Thread] DEBUG PrimaryStageWindow   - Scene size: 1920.0 x 1080.0
14:38:46.024 [JavaFX Application Thread] DEBUG PrimaryStageWindow   - Stage size: 1922.0 x 1109.0
14:38:46.027 [FXGL Background Thread 1 ] DEBUG Engine               - Initializing environment variables
14:38:46.051 [FXGL Background Thread 1 ] DEBUG FXGLAssetLoaderServi - User app class for loading assets: class com.example.demo.Game
14:38:46.051 [FXGL Background Thread 1 ] DEBUG GameApplicationServi - Applying CSS: fxgl_dark.css
14:38:46.051 [FXGL Background Thread 1 ] DEBUG FXGLAssetLoaderServi - Loading from file system: jar:file:///home/joshua/.m2/repository/com/github/almasb/fxgl/17.2/fxgl-17.2.jar!/fxglassets/ui/css/fxgl_dark.css
14:38:46.074 [FXGL Background Thread 1 ] DEBUG GameApplicationServi - Initializing application scenes
14:38:46.111 [FXGL Background Thread 1 ] DEBUG GameWorld            - Game world initialized
14:38:46.143 [FXGL Background Thread 1 ] DEBUG PhysicsWorld         - Physics world initialized: appHeight=1080, physics.ppm=50.0
14:38:46.144 [FXGL Background Thread 1 ] DEBUG PhysicsWorld         - Using strategy: BRUTE_FORCE
14:38:46.146 [FXGL Background Thread 1 ] DEBUG GameScene            - Game scene initialized: 1920x1080
14:38:46.153 [FXGL Background Thread 1 ] DEBUG FXGL.DefaultMenu     - createMenuBodyGameMenu()
14:38:46.160 [FXGL Background Thread 1 ] DEBUG FXGL.DefaultMenu     - createOptionsMenu()
14:38:46.166 [FXGL Background Thread 1 ] DEBUG FXGLAssetLoaderServi - Loading from file system: jar:file:///home/joshua/.m2/repository/com/github/almasb/fxgl/17.2/fxgl-17.2.jar!/fxglassets/textures/particles/smoke.png
14:38:46.214 [FXGL Background Thread 1 ] DEBUG FXGLAssetLoaderServi - Loading from file system: jar:file:///home/joshua/.m2/repository/com/github/almasb/fxgl/17.2/fxgl-17.2.jar!/fxglassets/textures/particles/trace_horizontal.png
14:38:46.234 [FXGL Background Thread 1 ] DEBUG GameApplicationServi - Application scenes initialized
14:38:46.241 [FXGL Background Thread 1 ] DEBUG SystemBundleService  - Loading FXGL system data
14:38:46.243 [FXGL Background Thread 1 ] DEBUG FileSystemAccess     - Reading from: /home/joshua/Documents/School/CMSC22/demo/system/fxgl.bundle
14:38:46.249 [FXGL Background Thread 1 ] DEBUG SystemBundleService  - Bundle FXGL: {}
14:38:46.249 [FXGL Background Thread 1 ] DEBUG UpdaterService       - Checking for updates
14:38:46.251 [FXGL Background Thread 1 ] DEBUG FXGLApplication      - Loading default localization
14:38:46.251 [FXGL Background Thread 4 ] DEBUG FXGLApplication      - Loading fonts
14:38:46.251 [FXGL Background Thread 1 ] DEBUG FXGLAssetLoaderServi - Loading from file system: jar:file:///home/joshua/.m2/repository/com/github/almasb/fxgl/17.2/fxgl-17.2.jar!/fxglassets/languages/english.lang
14:38:46.251 [FXGL Background Thread 4 ] DEBUG FXGLAssetLoaderServi - Loading from file system: jar:file:///home/joshua/.m2/repository/com/github/almasb/fxgl/17.2/fxgl-17.2.jar!/fxglassets/ui/fonts/VarelaRound-Regular.ttf
14:38:46.256 [FXGL Background Thread 4 ] DEBUG FXGLAssetLoaderServi - Loading from file system: jar:file:///home/joshua/.m2/repository/com/github/almasb/fxgl/17.2/fxgl-17.2.jar!/fxglassets/ui/fonts/Abel-Regular.ttf
14:38:46.256 [FXGL Background Thread 4 ] DEBUG FXGLAssetLoaderServi - Loading from file system: jar:file:///home/joshua/.m2/repository/com/github/almasb/fxgl/17.2/fxgl-17.2.jar!/fxglassets/ui/fonts/TerminalLandMono-Regular.otf
14:38:46.257 [FXGL Background Thread 4 ] DEBUG FXGLAssetLoaderServi - Loading from file system: jar:file:///home/joshua/.m2/repository/com/github/almasb/fxgl/17.2/fxgl-17.2.jar!/fxglassets/ui/fonts/Courier-Prime.ttf
14:38:46.259 [FXGL Background Thread 1 ] INFO  FXGLApplication      - FXGL initialization took: 0.231 sec
14:38:46.266 [JavaFX Application Thread] DEBUG Input                - Registered new binding: action0 - D
14:38:46.266 [JavaFX Application Thread] DEBUG Input                - Registered new binding: action1 - A
14:38:46.266 [JavaFX Application Thread] DEBUG Input                - Registered new binding: action2 - W
14:38:46.266 [JavaFX Application Thread] DEBUG Input                - Registered new binding: action3 - S
14:38:46.267 [JavaFX Application Thread] DEBUG Input                - Registered new binding: action4 - F
14:38:46.267 [JavaFX Application Thread] DEBUG FXGLAssetLoaderServi - Loading from file system: jar:file:///home/joshua/.m2/repository/com/github/almasb/fxgl/17.2/fxgl-17.2.jar!/fxglassets/textures/fxgl_icon.png
14:38:46.284 [JavaFX Application Thread] DEBUG FXGLAssetLoaderServi - Loading from file system: jar:file:///home/joshua/.m2/repository/com/github/almasb/fxgl/17.2/fxgl-17.2.jar!/fxglassets/textures/fxgl_default_cursor.png
14:38:46.285 [JavaFX Application Thread] DEBUG Input                - Registered new binding: Screenshot - CTRL+8
14:38:46.285 [JavaFX Application Thread] DEBUG Input                - Registered new binding: System info dump - CTRL+9
14:38:46.285 [JavaFX Application Thread] DEBUG Input                - Registered new binding: Restart - CTRL+R
14:38:46.286 [JavaFX Application Thread] DEBUG Input                - Registered new binding: Toggle Debug Camera - CTRL+7
14:38:46.286 [JavaFX Application Thread] DEBUG LoopRunner           - Starting loop
14:38:46.286 [JavaFX Application Thread] DEBUG LoopRunner           - Initializing JavaFX AnimationTimerLoop
14:38:46.288 [JavaFX Application Thread] DEBUG Input                - Clearing active input actions
14:38:46.292 [JavaFX Application Thread] DEBUG GameApplicationServi - Removing overlay from FXGLStartupScene and adding to FXGLMainMenuDummyScene
14:38:46.293 [JavaFX Application Thread] DEBUG PrimaryStageWindow   - FXGLStartupScene -> FXGLMainMenuDummyScene
14:38:46.293 [JavaFX Application Thread] DEBUG PrimaryStageWindow   - Push state: TestMainMenu
14:38:46.293 [JavaFX Application Thread] DEBUG Input                - Clearing active input actions
14:38:46.293 [JavaFX Application Thread] DEBUG GameApplicationServi - Removing overlay from FXGLMainMenuDummyScene and adding to TestMainMenu
14:38:46.294 [JavaFX Application Thread] DEBUG PrimaryStageWindow   - FXGLMainMenuDummyScene -> TestMainMenu
14:38:46.306 [JavaFX Application Thread] DEBUG FXGLApplication      - Registering font factories with UI factory
14:38:46.481 [FXGL Background Thread 2 ] INFO  UpdaterService       - Your current version:  17.2
14:38:46.482 [FXGL Background Thread 2 ] INFO  UpdaterService       - Latest stable version: 17.3
14:38:48.449 [JavaFX Application Thread] DEBUG FXGLApplication      - Exiting FXGL
14:38:48.450 [JavaFX Application Thread] DEBUG LoopRunner           - Stopping loop
14:38:48.450 [JavaFX Application Thread] DEBUG SystemBundleService  - Saving FXGL system data
14:38:48.452 [JavaFX Application Thread] DEBUG FileSystemAccess     - Writing to: /home/joshua/Documents/School/CMSC22/demo/system/fxgl.bundle
14:38:48.455 [JavaFX Application Thread] DEBUG Async                - Shutting down background threads
14:38:48.456 [JavaFX Application Thread] DEBUG PrimaryStageWindow   - Closing main window
14:38:48.458 [JavaFX Application Thread] DEBUG Logger               - Closing Logger
