19:03:46.466 [main                     ] DEBUG Logger               - Configured Logger
19:03:46.482 [main                     ] DEBUG GameApplication      - Logging settings
Title: CMSC 22 Project Prototype
Version: 0.1
Width: 1920
Height: 1080
Fullscreen: false
Intro: false
Profiling: false
Single step:false
App Mode: DEVELOPER
Menu Key: ESCAPE
Stage Style: DECORATED
Scene Factory: class com.example.demo.Game$1

19:03:46.629 [JavaFX Application Thread] DEBUG FXGLApplication      - Initializing FXGL
19:03:46.631 [JavaFX Application Thread] INFO  Engine               - FXGL-17.2 (20.08.2022 16.50) on LINUX (J:19.0.2 FX:19.0.2)
19:03:46.631 [JavaFX Application Thread] DEBUG Engine               - JRE Vendor Name: Amazon.com Inc.
19:03:46.631 [JavaFX Application Thread] DEBUG Engine               - Running on OS: Linux version 6.6.2-arch1-1
19:03:46.631 [JavaFX Application Thread] DEBUG Engine               - Architecture: amd64
19:03:46.632 [JavaFX Application Thread] INFO  Engine               - Source code and latest versions at: https://github.com/AlmasB/FXGL
19:03:46.632 [JavaFX Application Thread] INFO  Engine               -       Ask questions and discuss at: https://github.com/AlmasB/FXGL/discussions
19:03:46.632 [JavaFX Application Thread] INFO  Engine               -              Join the FXGL chat at: https://gitter.im/AlmasB/FXGL
19:03:46.675 [JavaFX Application Thread] DEBUG PrimaryStageWindow   - Creating a JavaFX scene
19:03:46.752 [JavaFX Application Thread] DEBUG PrimaryStageWindow   - Target settings size: 1920.0 x 1080.0
19:03:46.752 [JavaFX Application Thread] DEBUG PrimaryStageWindow   - Scaled scene size:    1920.0 x 1080.0
19:03:46.753 [JavaFX Application Thread] DEBUG PrimaryStageWindow   - Scaled ratio: (1.0, 1.0)
19:03:46.753 [JavaFX Application Thread] DEBUG PrimaryStageWindow   - Set initial scene to FXGLStartupScene
19:03:46.755 [JavaFX Application Thread] DEBUG PrimaryStageWindow   - Opening main window
19:03:46.784 [JavaFX Application Thread] DEBUG PrimaryStageWindow   - Window border size: (2.0, 29.0)
19:03:46.784 [JavaFX Application Thread] DEBUG PrimaryStageWindow   - Scaled size: 1920.0 x 1080.0
19:03:46.784 [JavaFX Application Thread] DEBUG PrimaryStageWindow   - Scaled ratio: (1.0, 1.0)
19:03:46.784 [JavaFX Application Thread] DEBUG PrimaryStageWindow   - Scene size: 1920.0 x 1080.0
19:03:46.785 [JavaFX Application Thread] DEBUG PrimaryStageWindow   - Stage size: 1922.0 x 1109.0
19:03:46.788 [FXGL Background Thread 1 ] DEBUG Engine               - Initializing environment variables
19:03:46.816 [FXGL Background Thread 1 ] DEBUG FXGLAssetLoaderServi - User app class for loading assets: class com.example.demo.Game
19:03:46.816 [FXGL Background Thread 1 ] DEBUG GameApplicationServi - Applying CSS: fxgl_dark.css
19:03:46.817 [FXGL Background Thread 1 ] DEBUG FXGLAssetLoaderServi - Loading from file system: jar:file:///home/joshua/.m2/repository/com/github/almasb/fxgl/17.2/fxgl-17.2.jar!/fxglassets/ui/css/fxgl_dark.css
19:03:46.845 [FXGL Background Thread 1 ] DEBUG GameApplicationServi - Initializing application scenes
19:03:46.908 [FXGL Background Thread 1 ] DEBUG GameWorld            - Game world initialized
19:03:46.939 [FXGL Background Thread 1 ] DEBUG PhysicsWorld         - Physics world initialized: appHeight=1080, physics.ppm=50.0
19:03:46.939 [FXGL Background Thread 1 ] DEBUG PhysicsWorld         - Using strategy: BRUTE_FORCE
19:03:46.942 [FXGL Background Thread 1 ] DEBUG GameScene            - Game scene initialized: 1920x1080
19:03:46.949 [FXGL Background Thread 1 ] DEBUG FXGL.DefaultMenu     - createMenuBodyGameMenu()
19:03:46.955 [FXGL Background Thread 1 ] DEBUG FXGL.DefaultMenu     - createOptionsMenu()
19:03:46.960 [FXGL Background Thread 1 ] DEBUG FXGLAssetLoaderServi - Loading from file system: jar:file:///home/joshua/.m2/repository/com/github/almasb/fxgl/17.2/fxgl-17.2.jar!/fxglassets/textures/particles/smoke.png
19:03:47.006 [FXGL Background Thread 1 ] DEBUG FXGLAssetLoaderServi - Loading from file system: jar:file:///home/joshua/.m2/repository/com/github/almasb/fxgl/17.2/fxgl-17.2.jar!/fxglassets/textures/particles/trace_horizontal.png
19:03:47.025 [FXGL Background Thread 1 ] DEBUG GameApplicationServi - Application scenes initialized
19:03:47.032 [FXGL Background Thread 1 ] DEBUG SystemBundleService  - Loading FXGL system data
19:03:47.034 [FXGL Background Thread 1 ] DEBUG FileSystemAccess     - Reading from: /home/joshua/Documents/School/CMSC22/demo/system/fxgl.bundle
19:03:47.039 [FXGL Background Thread 1 ] DEBUG SystemBundleService  - Bundle FXGL: {}
19:03:47.039 [FXGL Background Thread 1 ] DEBUG UpdaterService       - Checking for updates
19:03:47.041 [FXGL Background Thread 4 ] DEBUG FXGLApplication      - Loading fonts
19:03:47.041 [FXGL Background Thread 1 ] DEBUG FXGLApplication      - Loading default localization
19:03:47.042 [FXGL Background Thread 4 ] DEBUG FXGLAssetLoaderServi - Loading from file system: jar:file:///home/joshua/.m2/repository/com/github/almasb/fxgl/17.2/fxgl-17.2.jar!/fxglassets/ui/fonts/VarelaRound-Regular.ttf
19:03:47.042 [FXGL Background Thread 1 ] DEBUG FXGLAssetLoaderServi - Loading from file system: jar:file:///home/joshua/.m2/repository/com/github/almasb/fxgl/17.2/fxgl-17.2.jar!/fxglassets/languages/english.lang
19:03:47.045 [FXGL Background Thread 4 ] DEBUG FXGLAssetLoaderServi - Loading from file system: jar:file:///home/joshua/.m2/repository/com/github/almasb/fxgl/17.2/fxgl-17.2.jar!/fxglassets/ui/fonts/Abel-Regular.ttf
19:03:47.046 [FXGL Background Thread 4 ] DEBUG FXGLAssetLoaderServi - Loading from file system: jar:file:///home/joshua/.m2/repository/com/github/almasb/fxgl/17.2/fxgl-17.2.jar!/fxglassets/ui/fonts/TerminalLandMono-Regular.otf
19:03:47.048 [FXGL Background Thread 4 ] DEBUG FXGLAssetLoaderServi - Loading from file system: jar:file:///home/joshua/.m2/repository/com/github/almasb/fxgl/17.2/fxgl-17.2.jar!/fxglassets/ui/fonts/Courier-Prime.ttf
19:03:47.050 [JavaFX Application Thread] DEBUG FXGLApplication      - Registering font factories with UI factory
19:03:47.051 [FXGL Background Thread 1 ] INFO  FXGLApplication      - FXGL initialization took: 0.263 sec
19:03:47.056 [JavaFX Application Thread] DEBUG Input                - Registered new binding: action0 - D
19:03:47.056 [JavaFX Application Thread] DEBUG Input                - Registered new binding: action1 - A
19:03:47.056 [JavaFX Application Thread] DEBUG Input                - Registered new binding: action2 - W
19:03:47.057 [JavaFX Application Thread] DEBUG Input                - Registered new binding: action3 - S
19:03:47.057 [JavaFX Application Thread] DEBUG Input                - Registered new binding: action4 - F
19:03:47.057 [JavaFX Application Thread] DEBUG FXGLAssetLoaderServi - Loading from file system: jar:file:///home/joshua/.m2/repository/com/github/almasb/fxgl/17.2/fxgl-17.2.jar!/fxglassets/textures/fxgl_icon.png
19:03:47.070 [JavaFX Application Thread] DEBUG FXGLAssetLoaderServi - Loading from file system: jar:file:///home/joshua/.m2/repository/com/github/almasb/fxgl/17.2/fxgl-17.2.jar!/fxglassets/textures/fxgl_default_cursor.png
19:03:47.071 [JavaFX Application Thread] DEBUG Input                - Registered new binding: Screenshot - CTRL+8
19:03:47.072 [JavaFX Application Thread] DEBUG Input                - Registered new binding: System info dump - CTRL+9
19:03:47.072 [JavaFX Application Thread] DEBUG Input                - Registered new binding: Restart - CTRL+R
19:03:47.072 [JavaFX Application Thread] DEBUG Input                - Registered new binding: Toggle Debug Camera - CTRL+7
19:03:47.073 [JavaFX Application Thread] DEBUG LoopRunner           - Starting loop
19:03:47.073 [JavaFX Application Thread] DEBUG LoopRunner           - Initializing JavaFX AnimationTimerLoop
19:03:47.074 [JavaFX Application Thread] DEBUG Input                - Clearing active input actions
19:03:47.079 [JavaFX Application Thread] DEBUG GameApplicationServi - Removing overlay from FXGLStartupScene and adding to FXGLMainMenuDummyScene
19:03:47.080 [JavaFX Application Thread] DEBUG PrimaryStageWindow   - FXGLStartupScene -> FXGLMainMenuDummyScene
19:03:47.080 [JavaFX Application Thread] DEBUG PrimaryStageWindow   - Push state: TestMainMenu
19:03:47.080 [JavaFX Application Thread] DEBUG Input                - Clearing active input actions
19:03:47.080 [JavaFX Application Thread] DEBUG GameApplicationServi - Removing overlay from FXGLMainMenuDummyScene and adding to TestMainMenu
19:03:47.081 [JavaFX Application Thread] DEBUG PrimaryStageWindow   - FXGLMainMenuDummyScene -> TestMainMenu
19:03:47.623 [FXGL Background Thread 2 ] INFO  UpdaterService       - Your current version:  17.2
19:03:47.624 [FXGL Background Thread 2 ] INFO  UpdaterService       - Latest stable version: 17.3
19:03:48.786 [JavaFX Application Thread] DEBUG FXGLApplication      - Exiting FXGL
19:03:48.786 [JavaFX Application Thread] DEBUG LoopRunner           - Stopping loop
19:03:48.786 [JavaFX Application Thread] DEBUG SystemBundleService  - Saving FXGL system data
19:03:48.789 [JavaFX Application Thread] DEBUG FileSystemAccess     - Writing to: /home/joshua/Documents/School/CMSC22/demo/system/fxgl.bundle
19:03:48.793 [JavaFX Application Thread] DEBUG Async                - Shutting down background threads
19:03:48.793 [JavaFX Application Thread] DEBUG PrimaryStageWindow   - Closing main window
19:03:48.797 [JavaFX Application Thread] DEBUG Logger               - Closing Logger
