19:05:06.759 [main                     ] DEBUG Logger               - Configured Logger
19:05:06.772 [main                     ] DEBUG GameApplication      - Logging settings
Title: CMSC 22 Project Prototype
Version: 0.1
Width: 960
Height: 640
Fullscreen: false
Intro: false
Profiling: false
Single step:false
App Mode: DEVELOPER
Menu Key: ESCAPE
Stage Style: DECORATED
Scene Factory: class com.example.demo.Game$1

19:05:06.919 [JavaFX Application Thread] DEBUG FXGLApplication      - Initializing FXGL
19:05:06.921 [JavaFX Application Thread] INFO  Engine               - FXGL-17.2 (20.08.2022 16.50) on LINUX (J:19.0.2 FX:19.0.2)
19:05:06.922 [JavaFX Application Thread] DEBUG Engine               - JRE Vendor Name: Amazon.com Inc.
19:05:06.922 [JavaFX Application Thread] DEBUG Engine               - Running on OS: Linux version 6.6.2-arch1-1
19:05:06.922 [JavaFX Application Thread] DEBUG Engine               - Architecture: amd64
19:05:06.922 [JavaFX Application Thread] INFO  Engine               - Source code and latest versions at: https://github.com/AlmasB/FXGL
19:05:06.922 [JavaFX Application Thread] INFO  Engine               -       Ask questions and discuss at: https://github.com/AlmasB/FXGL/discussions
19:05:06.922 [JavaFX Application Thread] INFO  Engine               -              Join the FXGL chat at: https://gitter.im/AlmasB/FXGL
19:05:06.964 [JavaFX Application Thread] DEBUG PrimaryStageWindow   - Creating a JavaFX scene
19:05:07.040 [JavaFX Application Thread] DEBUG PrimaryStageWindow   - Target settings size: 960.0 x 640.0
19:05:07.040 [JavaFX Application Thread] DEBUG PrimaryStageWindow   - Scaled scene size:    960.0 x 640.0
19:05:07.041 [JavaFX Application Thread] DEBUG PrimaryStageWindow   - Scaled ratio: (1.0, 1.0)
19:05:07.041 [JavaFX Application Thread] DEBUG PrimaryStageWindow   - Set initial scene to FXGLStartupScene
19:05:07.043 [JavaFX Application Thread] DEBUG PrimaryStageWindow   - Opening main window
19:05:07.076 [JavaFX Application Thread] DEBUG PrimaryStageWindow   - Window border size: (2.0, 29.0)
19:05:07.077 [JavaFX Application Thread] DEBUG PrimaryStageWindow   - Scaled size: 960.0 x 640.0
19:05:07.077 [JavaFX Application Thread] DEBUG PrimaryStageWindow   - Scaled ratio: (1.0, 1.0)
19:05:07.077 [JavaFX Application Thread] DEBUG PrimaryStageWindow   - Scene size: 960.0 x 640.0
19:05:07.077 [JavaFX Application Thread] DEBUG PrimaryStageWindow   - Stage size: 962.0 x 669.0
19:05:07.081 [FXGL Background Thread 1 ] DEBUG Engine               - Initializing environment variables
19:05:07.110 [FXGL Background Thread 1 ] DEBUG FXGLAssetLoaderServi - User app class for loading assets: class com.example.demo.Game
19:05:07.110 [FXGL Background Thread 1 ] DEBUG GameApplicationServi - Applying CSS: fxgl_dark.css
19:05:07.110 [FXGL Background Thread 1 ] DEBUG FXGLAssetLoaderServi - Loading from file system: jar:file:///home/joshua/.m2/repository/com/github/almasb/fxgl/17.2/fxgl-17.2.jar!/fxglassets/ui/css/fxgl_dark.css
19:05:07.138 [FXGL Background Thread 1 ] DEBUG GameApplicationServi - Initializing application scenes
19:05:07.204 [FXGL Background Thread 1 ] DEBUG GameWorld            - Game world initialized
19:05:07.233 [FXGL Background Thread 1 ] DEBUG PhysicsWorld         - Physics world initialized: appHeight=640, physics.ppm=50.0
19:05:07.233 [FXGL Background Thread 1 ] DEBUG PhysicsWorld         - Using strategy: BRUTE_FORCE
19:05:07.236 [FXGL Background Thread 1 ] DEBUG GameScene            - Game scene initialized: 960x640
19:05:07.242 [FXGL Background Thread 1 ] DEBUG FXGL.DefaultMenu     - createMenuBodyGameMenu()
19:05:07.249 [FXGL Background Thread 1 ] DEBUG FXGL.DefaultMenu     - createOptionsMenu()
19:05:07.254 [FXGL Background Thread 1 ] DEBUG FXGLAssetLoaderServi - Loading from file system: jar:file:///home/joshua/.m2/repository/com/github/almasb/fxgl/17.2/fxgl-17.2.jar!/fxglassets/textures/particles/smoke.png
19:05:07.300 [FXGL Background Thread 1 ] DEBUG FXGLAssetLoaderServi - Loading from file system: jar:file:///home/joshua/.m2/repository/com/github/almasb/fxgl/17.2/fxgl-17.2.jar!/fxglassets/textures/particles/trace_horizontal.png
19:05:07.325 [FXGL Background Thread 1 ] DEBUG GameApplicationServi - Application scenes initialized
19:05:07.332 [FXGL Background Thread 1 ] DEBUG SystemBundleService  - Loading FXGL system data
19:05:07.334 [FXGL Background Thread 1 ] DEBUG FileSystemAccess     - Reading from: /home/joshua/Documents/School/CMSC22/demo/system/fxgl.bundle
19:05:07.340 [FXGL Background Thread 1 ] DEBUG SystemBundleService  - Bundle FXGL: {}
19:05:07.340 [FXGL Background Thread 1 ] DEBUG UpdaterService       - Checking for updates
19:05:07.342 [FXGL Background Thread 4 ] DEBUG FXGLApplication      - Loading fonts
19:05:07.342 [FXGL Background Thread 1 ] DEBUG FXGLApplication      - Loading default localization
19:05:07.342 [FXGL Background Thread 4 ] DEBUG FXGLAssetLoaderServi - Loading from file system: jar:file:///home/joshua/.m2/repository/com/github/almasb/fxgl/17.2/fxgl-17.2.jar!/fxglassets/ui/fonts/VarelaRound-Regular.ttf
19:05:07.342 [FXGL Background Thread 1 ] DEBUG FXGLAssetLoaderServi - Loading from file system: jar:file:///home/joshua/.m2/repository/com/github/almasb/fxgl/17.2/fxgl-17.2.jar!/fxglassets/languages/english.lang
19:05:07.346 [FXGL Background Thread 4 ] DEBUG FXGLAssetLoaderServi - Loading from file system: jar:file:///home/joshua/.m2/repository/com/github/almasb/fxgl/17.2/fxgl-17.2.jar!/fxglassets/ui/fonts/Abel-Regular.ttf
19:05:07.347 [FXGL Background Thread 4 ] DEBUG FXGLAssetLoaderServi - Loading from file system: jar:file:///home/joshua/.m2/repository/com/github/almasb/fxgl/17.2/fxgl-17.2.jar!/fxglassets/ui/fonts/TerminalLandMono-Regular.otf
19:05:07.348 [FXGL Background Thread 4 ] DEBUG FXGLAssetLoaderServi - Loading from file system: jar:file:///home/joshua/.m2/repository/com/github/almasb/fxgl/17.2/fxgl-17.2.jar!/fxglassets/ui/fonts/Courier-Prime.ttf
19:05:07.350 [JavaFX Application Thread] DEBUG FXGLApplication      - Registering font factories with UI factory
19:05:07.350 [FXGL Background Thread 1 ] INFO  FXGLApplication      - FXGL initialization took: 0.269 sec
19:05:07.356 [JavaFX Application Thread] DEBUG Input                - Registered new binding: action0 - D
19:05:07.356 [JavaFX Application Thread] DEBUG Input                - Registered new binding: action1 - A
19:05:07.356 [JavaFX Application Thread] DEBUG Input                - Registered new binding: action2 - W
19:05:07.356 [JavaFX Application Thread] DEBUG Input                - Registered new binding: action3 - S
19:05:07.357 [JavaFX Application Thread] DEBUG Input                - Registered new binding: action4 - F
19:05:07.357 [JavaFX Application Thread] DEBUG FXGLAssetLoaderServi - Loading from file system: jar:file:///home/joshua/.m2/repository/com/github/almasb/fxgl/17.2/fxgl-17.2.jar!/fxglassets/textures/fxgl_icon.png
19:05:07.373 [JavaFX Application Thread] DEBUG FXGLAssetLoaderServi - Loading from file system: jar:file:///home/joshua/.m2/repository/com/github/almasb/fxgl/17.2/fxgl-17.2.jar!/fxglassets/textures/fxgl_default_cursor.png
19:05:07.375 [JavaFX Application Thread] DEBUG Input                - Registered new binding: Screenshot - CTRL+8
19:05:07.375 [JavaFX Application Thread] DEBUG Input                - Registered new binding: System info dump - CTRL+9
19:05:07.376 [JavaFX Application Thread] DEBUG Input                - Registered new binding: Restart - CTRL+R
19:05:07.376 [JavaFX Application Thread] DEBUG Input                - Registered new binding: Toggle Debug Camera - CTRL+7
19:05:07.377 [JavaFX Application Thread] DEBUG LoopRunner           - Starting loop
19:05:07.377 [JavaFX Application Thread] DEBUG LoopRunner           - Initializing JavaFX AnimationTimerLoop
19:05:07.377 [JavaFX Application Thread] DEBUG GameApplicationServi - Starting new game
19:05:07.378 [JavaFX Application Thread] DEBUG Input                - Clearing active input actions
19:05:07.387 [JavaFX Application Thread] DEBUG GameApplicationServi - Removing overlay from FXGLStartupScene and adding to FXGLLoadingScene
19:05:07.387 [JavaFX Application Thread] DEBUG PrimaryStageWindow   - FXGLStartupScene -> FXGLLoadingScene
19:05:07.387 [JavaFX Application Thread] DEBUG GameApplicationServi - Clearing previous game
19:05:07.387 [JavaFX Application Thread] DEBUG GameScene            - Clearing game scene
19:05:07.387 [JavaFX Application Thread] DEBUG GameWorld            - Clearing game world
19:05:07.387 [JavaFX Application Thread] DEBUG PhysicsWorld         - Clearing physics world
19:05:07.388 [FXGL Background Thread 1 ] DEBUG FXGLApplication      - Initializing game
19:05:07.428 [FXGL Background Thread 1 ] WARN  TMXLevelLoader       - TiledMap generated from 1.10.2. Supported version: 1.9.0. Some features may not be parsed fully.
19:05:07.448 [FXGL Background Thread 1 ] DEBUG TMXLevelLoader       - Parsed TiledMap: file:/home/joshua/Documents/School/CMSC22/demo/target/classes/assets/levels/test_map.tmx
19:05:07.449 [FXGL Background Thread 1 ] DEBUG TMXLevelLoader       - Creating tile layer entities
19:05:07.450 [FXGL Background Thread 1 ] DEBUG TilesetLoader        - Loading view for layer Tile Layer 4
19:05:07.451 [FXGL Background Thread 1 ] DEBUG TilesetLoader        - Created buffer with size 960.0x640.0
19:05:07.482 [FXGL Background Thread 1 ] DEBUG TilesetLoader        - Loading view for layer Tile Layer 3
19:05:07.483 [FXGL Background Thread 1 ] DEBUG TilesetLoader        - Created buffer with size 960.0x640.0
19:05:07.484 [FXGL Background Thread 1 ] DEBUG TilesetLoader        - Loading view for layer Tile Layer 1
19:05:07.485 [FXGL Background Thread 1 ] DEBUG TilesetLoader        - Created buffer with size 960.0x640.0
19:05:07.513 [FXGL Background Thread 1 ] DEBUG TilesetLoader        - Loading view for layer Tile Layer 2
19:05:07.515 [FXGL Background Thread 1 ] DEBUG TilesetLoader        - Created buffer with size 960.0x640.0
19:05:07.516 [FXGL Background Thread 1 ] DEBUG TilesetLoader        - Loading view for layer Tile Layer 5
19:05:07.517 [FXGL Background Thread 1 ] DEBUG TilesetLoader        - Created buffer with size 960.0x640.0
19:05:07.518 [FXGL Background Thread 1 ] DEBUG TMXLevelLoader       - Creating object layer entities
19:05:07.531 [FXGL Background Thread 1 ] DEBUG GameWorld            - Clearing removable entities
19:05:07.531 [FXGL Background Thread 1 ] DEBUG GameWorld            - Setting level: com.almasb.fxgl.entity.level.Level@6cc02e56
19:05:07.537 [FXGL Background Thread 1 ] INFO  FXGLApplication      - Game initialization took: 0.149 sec
19:05:07.538 [JavaFX Application Thread] DEBUG Input                - Clearing active input actions
19:05:07.545 [JavaFX Application Thread] DEBUG GameApplicationServi - Removing overlay from FXGLLoadingScene and adding to GameScene
19:05:07.546 [JavaFX Application Thread] DEBUG PrimaryStageWindow   - FXGLLoadingScene -> GameScene
19:05:07.608 [FXGL Background Thread 2 ] INFO  UpdaterService       - Your current version:  17.2
19:05:07.608 [FXGL Background Thread 2 ] INFO  UpdaterService       - Latest stable version: 17.3
19:05:10.342 [FXGL Background Thread 3 ] DEBUG Engine               - Logging environment variables
19:05:10.343 [FXGL Background Thread 3 ] DEBUG Engine               - achievements: []
19:05:10.343 [FXGL Background Thread 3 ] DEBUG Engine               - actualHeight: 611.0
19:05:10.344 [FXGL Background Thread 3 ] DEBUG Engine               - actualHeightProperty: ReadOnlyDoubleProperty [value: 966.0]
19:05:10.344 [FXGL Background Thread 3 ] DEBUG Engine               - actualWidth: 958.0
19:05:10.344 [FXGL Background Thread 3 ] DEBUG Engine               - actualWidthProperty: ReadOnlyDoubleProperty [value: 928.0]
19:05:10.344 [FXGL Background Thread 3 ] DEBUG Engine               - appIcon: fxgl_icon.png
19:05:10.344 [FXGL Background Thread 3 ] DEBUG Engine               - applicationMode: DEVELOPER
19:05:10.344 [FXGL Background Thread 3 ] DEBUG Engine               - cSSList: [fxgl_dark.css]
19:05:10.344 [FXGL Background Thread 3 ] DEBUG Engine               - collisionDetectionStrategy: BRUTE_FORCE
19:05:10.344 [FXGL Background Thread 3 ] DEBUG Engine               - configClass: Optional.empty
19:05:10.344 [FXGL Background Thread 3 ] DEBUG Engine               - credits: []
19:05:10.345 [FXGL Background Thread 3 ] DEBUG Engine               - defaultCursor: CursorInfo(imageName=fxgl_default_cursor.png, hotspotX=7.0, hotspotY=6.0)
19:05:10.345 [FXGL Background Thread 3 ] DEBUG Engine               - devBBoxColorProperty: ObjectProperty [value: 0xff0000ff]
19:05:10.345 [FXGL Background Thread 3 ] DEBUG Engine               - devEnableDebugCameraProperty: BooleanProperty [value: false]
19:05:10.345 [FXGL Background Thread 3 ] DEBUG Engine               - devSensorColorProperty: ObjectProperty [value: 0xffff00ff]
19:05:10.345 [FXGL Background Thread 3 ] DEBUG Engine               - devShowBBoxProperty: BooleanProperty [value: false]
19:05:10.345 [FXGL Background Thread 3 ] DEBUG Engine               - devShowPositionProperty: BooleanProperty [value: false]
19:05:10.346 [FXGL Background Thread 3 ] DEBUG Engine               - enabledMenuItems: []
19:05:10.346 [FXGL Background Thread 3 ] DEBUG Engine               - engineServices: [class com.almasb.fxgl.app.services.FXGLAssetLoaderService, class com.almasb.fxgl.app.FXGLApplication$GameApplicationService, class com.almasb.fxgl.app.services.FXGLDialogService, class com.almasb.fxgl.app.services.IOTaskExecutorService, class com.almasb.fxgl.io.FileSystemService, class com.almasb.fxgl.localization.LocalizationService, class com.almasb.fxgl.app.services.SystemBundleService, class com.almasb.fxgl.profile.SaveLoadService, class com.almasb.fxgl.ui.FXGLUIFactoryServiceProvider, class com.almasb.fxgl.ui.FXGLDialogFactoryServiceProvider, class com.almasb.fxgl.audio.AudioPlayer, class com.almasb.fxgl.notification.impl.NotificationServiceProvider, class com.almasb.fxgl.achievement.AchievementService, class com.almasb.fxgl.cutscene.CutsceneService, class com.almasb.fxgl.minigames.MiniGameService, class com.almasb.fxgl.net.NetService, class com.almasb.fxgl.app.services.UpdaterService, class com.almasb.fxgl.dev.DevService]
19:05:10.346 [FXGL Background Thread 3 ] DEBUG Engine               - fontGame: Abel-Regular.ttf
19:05:10.346 [FXGL Background Thread 3 ] DEBUG Engine               - fontMono: TerminalLandMono-Regular.otf
19:05:10.346 [FXGL Background Thread 3 ] DEBUG Engine               - fontText: Courier-Prime.ttf
19:05:10.346 [FXGL Background Thread 3 ] DEBUG Engine               - fontUI: VarelaRound-Regular.ttf
19:05:10.346 [FXGL Background Thread 3 ] DEBUG Engine               - fullScreen: BooleanProperty [value: false]
19:05:10.346 [FXGL Background Thread 3 ] DEBUG Engine               - gameDifficulty: MEDIUM
19:05:10.346 [FXGL Background Thread 3 ] DEBUG Engine               - gameDifficultyProperty: ObjectProperty [value: MEDIUM]
19:05:10.346 [FXGL Background Thread 3 ] DEBUG Engine               - globalMusicVolume: 0.5
19:05:10.346 [FXGL Background Thread 3 ] DEBUG Engine               - globalMusicVolumeProperty: DoubleProperty [value: 0.5]
19:05:10.346 [FXGL Background Thread 3 ] DEBUG Engine               - globalSoundVolume: 0.5
19:05:10.347 [FXGL Background Thread 3 ] DEBUG Engine               - globalSoundVolumeProperty: DoubleProperty [value: 0.5]
19:05:10.347 [FXGL Background Thread 3 ] DEBUG Engine               - height: 640
19:05:10.347 [FXGL Background Thread 3 ] DEBUG Engine               - is3D: false
19:05:10.347 [FXGL Background Thread 3 ] DEBUG Engine               - isAndroid: false
19:05:10.347 [FXGL Background Thread 3 ] DEBUG Engine               - isBrowser: false
19:05:10.347 [FXGL Background Thread 3 ] DEBUG Engine               - isClickFeedbackEnabled: false
19:05:10.347 [FXGL Background Thread 3 ] DEBUG Engine               - isCloseConfirmation: false
19:05:10.347 [FXGL Background Thread 3 ] DEBUG Engine               - isDesktop: true
19:05:10.348 [FXGL Background Thread 3 ] DEBUG Engine               - isDeveloperMenuEnabled: false
19:05:10.348 [FXGL Background Thread 3 ] DEBUG Engine               - isEmbedded: false
19:05:10.348 [FXGL Background Thread 3 ] DEBUG Engine               - isEntityPreloadEnabled: true
19:05:10.348 [FXGL Background Thread 3 ] DEBUG Engine               - isExperimentalTiledLargeMap: false
19:05:10.348 [FXGL Background Thread 3 ] DEBUG Engine               - isFileSystemWriteAllowed: true
19:05:10.348 [FXGL Background Thread 3 ] DEBUG Engine               - isFullScreenAllowed: false
19:05:10.348 [FXGL Background Thread 3 ] DEBUG Engine               - isFullScreenFromStart: false
19:05:10.348 [FXGL Background Thread 3 ] DEBUG Engine               - isGameMenuEnabled: true
19:05:10.348 [FXGL Background Thread 3 ] DEBUG Engine               - isIOS: false
19:05:10.348 [FXGL Background Thread 3 ] DEBUG Engine               - isIntroEnabled: false
19:05:10.348 [FXGL Background Thread 3 ] DEBUG Engine               - isLinux: true
19:05:10.348 [FXGL Background Thread 3 ] DEBUG Engine               - isMac: false
19:05:10.348 [FXGL Background Thread 3 ] DEBUG Engine               - isMainMenuEnabled: false
19:05:10.348 [FXGL Background Thread 3 ] DEBUG Engine               - isManualResizeEnabled: false
19:05:10.348 [FXGL Background Thread 3 ] DEBUG Engine               - isMobile: false
19:05:10.349 [FXGL Background Thread 3 ] DEBUG Engine               - isNative: false
19:05:10.349 [FXGL Background Thread 3 ] DEBUG Engine               - isPauseMusicWhenMinimized: true
19:05:10.349 [FXGL Background Thread 3 ] DEBUG Engine               - isPreserveResizeRatio: false
19:05:10.349 [FXGL Background Thread 3 ] DEBUG Engine               - isProfilingEnabled: false
19:05:10.349 [FXGL Background Thread 3 ] DEBUG Engine               - isScaleAffectedOnResize: true
19:05:10.349 [FXGL Background Thread 3 ] DEBUG Engine               - isSingleStep: false
19:05:10.349 [FXGL Background Thread 3 ] DEBUG Engine               - isUserProfileEnabled: false
19:05:10.349 [FXGL Background Thread 3 ] DEBUG Engine               - isWindows: false
19:05:10.349 [FXGL Background Thread 3 ] DEBUG Engine               - language: ObjectProperty [value: ENGLISH]
19:05:10.349 [FXGL Background Thread 3 ] DEBUG Engine               - menuKey: ESCAPE
19:05:10.350 [FXGL Background Thread 3 ] DEBUG Engine               - mouseSensitivity: 0.2
19:05:10.350 [FXGL Background Thread 3 ] DEBUG Engine               - notificationViewClass: class com.almasb.fxgl.notification.view.XboxNotificationView
19:05:10.350 [FXGL Background Thread 3 ] DEBUG Engine               - pixelsPerMeter: 50.0
19:05:10.350 [FXGL Background Thread 3 ] DEBUG Engine               - platform: LINUX
19:05:10.350 [FXGL Background Thread 3 ] DEBUG Engine               - prefHeightProperty: ReadOnlyDoubleProperty [value: 640.0]
19:05:10.350 [FXGL Background Thread 3 ] DEBUG Engine               - prefWidthProperty: ReadOnlyDoubleProperty [value: 960.0]
19:05:10.350 [FXGL Background Thread 3 ] DEBUG Engine               - profileDir: profiles/
19:05:10.350 [FXGL Background Thread 3 ] DEBUG Engine               - profileName: StringProperty [value: DEFAULT]
19:05:10.350 [FXGL Background Thread 3 ] DEBUG Engine               - randomSeed: -1
19:05:10.350 [FXGL Background Thread 3 ] DEBUG Engine               - runtimeInfo: RuntimeInfo(platform=LINUX, version=17.2, build=20.08.2022 16.50)
19:05:10.350 [FXGL Background Thread 3 ] DEBUG Engine               - saveFileExt: sav
19:05:10.350 [FXGL Background Thread 3 ] DEBUG Engine               - scaledHeightProp$fxgl: DoubleProperty [bound, value: 966.0]
19:05:10.350 [FXGL Background Thread 3 ] DEBUG Engine               - scaledWidthProp$fxgl: DoubleProperty [bound, value: 928.0]
19:05:10.350 [FXGL Background Thread 3 ] DEBUG Engine               - sceneFactory: com.example.demo.Game$1@5a8e8448
19:05:10.350 [FXGL Background Thread 3 ] DEBUG Engine               - secondsIn24h: 60
19:05:10.350 [FXGL Background Thread 3 ] DEBUG Engine               - soundMenuBack: menu/back.wav
19:05:10.350 [FXGL Background Thread 3 ] DEBUG Engine               - soundMenuPress: menu/press.wav
19:05:10.350 [FXGL Background Thread 3 ] DEBUG Engine               - soundMenuSelect: menu/select.wav
19:05:10.350 [FXGL Background Thread 3 ] DEBUG Engine               - soundNotification: core/notification.wav
19:05:10.350 [FXGL Background Thread 3 ] DEBUG Engine               - stageStyle: DECORATED
19:05:10.350 [FXGL Background Thread 3 ] DEBUG Engine               - supportedLanguages: [ENGLISH, FRENCH, GERMAN, HUNGARIAN, RUSSIAN]
19:05:10.350 [FXGL Background Thread 3 ] DEBUG Engine               - ticksPerSecond: -1
19:05:10.350 [FXGL Background Thread 3 ] DEBUG Engine               - title: CMSC 22 Project Prototype
19:05:10.350 [FXGL Background Thread 3 ] DEBUG Engine               - urlGithub: https://github.com/AlmasB/FXGL
19:05:10.350 [FXGL Background Thread 3 ] DEBUG Engine               - urlLeaderboard: http://fxgl-top.herokuapp.com/
19:05:10.350 [FXGL Background Thread 3 ] DEBUG Engine               - urlPOM: https://raw.githubusercontent.com/AlmasB/FXGL/release/README.md
19:05:10.350 [FXGL Background Thread 3 ] DEBUG Engine               - userAppClass: class com.example.demo.Game
19:05:10.351 [FXGL Background Thread 3 ] DEBUG Engine               - version: 0.1
19:05:10.351 [FXGL Background Thread 3 ] DEBUG Engine               - versionCheckDays: 7
19:05:10.351 [FXGL Background Thread 3 ] DEBUG Engine               - width: 960
19:05:10.351 [FXGL Background Thread 3 ] DEBUG Engine               - Logging services
19:05:10.351 [FXGL Background Thread 3 ] DEBUG Engine               - class com.almasb.fxgl.app.services.FXGLAssetLoaderService
19:05:10.351 [FXGL Background Thread 3 ] DEBUG Engine               - class com.almasb.fxgl.app.FXGLApplication$GameApplicationService
19:05:10.351 [FXGL Background Thread 3 ] DEBUG Engine               - class com.almasb.fxgl.app.services.FXGLDialogService
19:05:10.351 [FXGL Background Thread 3 ] DEBUG Engine               - class com.almasb.fxgl.app.services.IOTaskExecutorService
19:05:10.351 [FXGL Background Thread 3 ] DEBUG Engine               - class com.almasb.fxgl.io.FileSystemService
19:05:10.351 [FXGL Background Thread 3 ] DEBUG Engine               - class com.almasb.fxgl.localization.LocalizationService
19:05:10.351 [FXGL Background Thread 3 ] DEBUG Engine               - class com.almasb.fxgl.app.services.SystemBundleService
19:05:10.351 [FXGL Background Thread 3 ] DEBUG Engine               - class com.almasb.fxgl.profile.SaveLoadService
19:05:10.351 [FXGL Background Thread 3 ] DEBUG Engine               - class com.almasb.fxgl.ui.FXGLUIFactoryServiceProvider
19:05:10.351 [FXGL Background Thread 3 ] DEBUG Engine               - class com.almasb.fxgl.ui.FXGLDialogFactoryServiceProvider
19:05:10.351 [FXGL Background Thread 3 ] DEBUG Engine               - class com.almasb.fxgl.audio.AudioPlayer
19:05:10.351 [FXGL Background Thread 3 ] DEBUG Engine               - class com.almasb.fxgl.notification.impl.NotificationServiceProvider
19:05:10.351 [FXGL Background Thread 3 ] DEBUG Engine               - class com.almasb.fxgl.achievement.AchievementService
19:05:10.351 [FXGL Background Thread 3 ] DEBUG Engine               - class com.almasb.fxgl.cutscene.CutsceneService
19:05:10.351 [FXGL Background Thread 3 ] DEBUG Engine               - class com.almasb.fxgl.minigames.MiniGameService
19:05:10.351 [FXGL Background Thread 3 ] DEBUG Engine               - class com.almasb.fxgl.net.NetService
19:05:10.351 [FXGL Background Thread 3 ] DEBUG Engine               - class com.almasb.fxgl.app.services.UpdaterService
19:05:10.351 [FXGL Background Thread 3 ] DEBUG Engine               - class com.almasb.fxgl.dev.DevService
19:05:13.376 [JavaFX Application Thread] DEBUG FXGLApplication      - Exiting FXGL
19:05:13.376 [JavaFX Application Thread] DEBUG LoopRunner           - Stopping loop
19:05:13.376 [JavaFX Application Thread] DEBUG SystemBundleService  - Saving FXGL system data
19:05:13.379 [JavaFX Application Thread] DEBUG FileSystemAccess     - Writing to: /home/joshua/Documents/School/CMSC22/demo/system/fxgl.bundle
19:05:13.382 [JavaFX Application Thread] DEBUG Async                - Shutting down background threads
19:05:13.382 [JavaFX Application Thread] DEBUG PrimaryStageWindow   - Closing main window
19:05:13.383 [JavaFX Application Thread] DEBUG Logger               - Closing Logger
